[ 02.11.2020 - 12:27:42 ]
    (MSG) [2] in SMILExtract : openSMILE starting!
[ 02.11.2020 - 12:27:42 ]
    (MSG) [2] in SMILExtract : config file is: ./my93.conf
[ 02.11.2020 - 12:27:42 ]
    (MSG) [2] in cComponentManager : successfully registered 95 component types.
[ 02.11.2020 - 12:27:42 ]
    (WARN) [2] in instance 'csvSink.reader' : Inconsistency in input level parameters. growDyn on first (#1) input = 0, growDyn on input # 3 (lld) = 1. This might cause the processing to hang unpredictably or cause incomplete processing.
[ 02.11.2020 - 12:27:42 ]
    (WARN) [2] in instance 'csvSink.reader' : Inconsistency in input level parameters. isRb on first (#1) input = 1, isRb on input # 3 (lld) = 0. This might cause the processing to hang unpredictably or cause incomplete processing.
[ 02.11.2020 - 12:27:42 ]
    (WARN) [2] in instance 'csvSink.reader' : Inconsistency in input level parameters. growDyn on first (#1) input = 0, growDyn on input # 4 (lld_de) = 1. This might cause the processing to hang unpredictably or cause incomplete processing.
[ 02.11.2020 - 12:27:42 ]
    (WARN) [2] in instance 'csvSink.reader' : Inconsistency in input level parameters. isRb on first (#1) input = 1, isRb on input # 4 (lld_de) = 0. This might cause the processing to hang unpredictably or cause incomplete processing.
[ 02.11.2020 - 12:27:42 ]
    (WARN) [1] in instance 'csvSink.reader' : Mismatch in input level buffer sizes (levelconf.nT). Level #0 has size 25 which is smaller than the max. input size of all input levels (8000). This might cause the processing to hang unpredictably or cause incomplete processing.
[ 02.11.2020 - 12:27:42 ]
    (WARN) [1] in instance 'csvSink.reader' : Mismatch in input level buffer sizes (levelconf.nT). Level #2 has size 2000 which is smaller than the max. input size of all input levels (8000). This might cause the processing to hang unpredictably or cause incomplete processing.
[ 02.11.2020 - 12:27:42 ]
    (WARN) [1] in instance 'csvSink.reader' : Mismatch in input level buffer sizes (levelconf.nT). Level #3 has size 2000 which is smaller than the max. input size of all input levels (8000). This might cause the processing to hang unpredictably or cause incomplete processing.
[ 02.11.2020 - 12:27:42 ]
    (WARN) [1] in instance 'csvSink.reader' : Mismatch in input level buffer sizes (levelconf.nT). Level #4 has size 25 which is smaller than the max. input size of all input levels (8000). This might cause the processing to hang unpredictably or cause incomplete processing.
[ 02.11.2020 - 12:27:42 ]
    (WARN) [1] in instance 'csvSink.reader' : Mismatch in input level buffer sizes (levelconf.nT). Level #5 has size 25 which is smaller than the max. input size of all input levels (8000). This might cause the processing to hang unpredictably or cause incomplete processing.
[ 02.11.2020 - 12:27:42 ]
    (WARN) [1] in instance 'csvSink.reader' : Mismatch in input level buffer sizes (levelconf.nT). Level #6 has size 25 which is smaller than the max. input size of all input levels (8000). This might cause the processing to hang unpredictably or cause incomplete processing.
[ 02.11.2020 - 12:27:42 ]
    (WARN) [1] in instance 'csvSink.reader' : Mismatch in input level buffer sizes (levelconf.nT). Level #7 has size 25 which is smaller than the max. input size of all input levels (8000). This might cause the processing to hang unpredictably or cause incomplete processing.
[ 02.11.2020 - 12:27:42 ]
    (WARN) [1] in instance 'csvSink.reader' : Mismatch in input level buffer sizes (levelconf.nT). Level #8 has size 25 which is smaller than the max. input size of all input levels (8000). This might cause the processing to hang unpredictably or cause incomplete processing.
[ 02.11.2020 - 12:27:42 ]
    (MSG) [2] in cComponentManager : successfully finished createInstances
                                 (26 component instances were finalised, 1 data memories were finalised)
[ 02.11.2020 - 12:27:42 ]
    (MSG) [2] in cComponentManager : starting single thread processing loop
[ 02.11.2020 - 12:27:42 ]
    (MSG) [2] in cComponentManager : Processing finished! System ran for 115 ticks.
